TN:
SF:1.qs.js
FN:1,parser
FN:3,(anonymous_1)
FN:14,stringify
FNF:3
FNH:3
FNDA:1,parser
FNDA:2,(anonymous_1)
FNDA:1,stringify
DA:2,1
DA:3,1
DA:4,2
DA:5,2
DA:6,0
DA:8,2
DA:11,1
DA:15,1
DA:16,1
DA:17,2
DA:19,1
LF:11
LH:10
BRDA:5,0,0,0
BRDA:5,0,1,2
BRF:2
BRH:1
end_of_record
TN:
SF:2.dom.js
FN:3,removeNode
FNF:1
FNH:1
FNDA:1,removeNode
DA:4,1
LF:1
LH:1
BRF:0
BRH:0
end_of_record
TN:
SF:3.async.js
FN:1,getData
FN:2,(anonymous_1)
FN:7,getDataPromise
FN:8,(anonymous_3)
FN:9,(anonymous_4)
FNF:5
FNH:2
FNDA:1,getData
FNDA:1,(anonymous_1)
FNDA:0,getDataPromise
FNDA:0,(anonymous_3)
FNDA:0,(anonymous_4)
DA:2,1
DA:3,1
DA:8,0
DA:9,0
DA:10,0
LF:5
LH:2
BRF:0
BRH:0
end_of_record
TN:
SF:4.ajax.js
FN:3,getList
FN:7,getData
FN:11,getUrl
FNF:3
FNH:2
FNDA:1,getList
FNDA:1,getData
FNDA:0,getUrl
DA:4,1
DA:8,1
DA:12,0
LF:3
LH:2
BRF:0
BRH:0
end_of_record
