<?xml version="1.0" encoding="UTF-8"?>
<coverage generated="1689175801319" clover="3.2.0">
  <project timestamp="1689175801319" name="All files">
    <metrics statements="20" coveredstatements="15" conditionals="2" coveredconditionals="1" methods="12" coveredmethods="8" elements="34" coveredelements="24" complexity="0" loc="20" ncloc="20" packages="1" files="4" classes="4"/>
    <file name="1.qs.js" path="/Users/luotianxu/Code/learn/vue/13.jest/1.qs.js">
      <metrics statements="11" coveredstatements="10" conditionals="2" coveredconditionals="1" methods="3" coveredmethods="3"/>
      <line num="2" count="1" type="stmt"/>
      <line num="3" count="1" type="stmt"/>
      <line num="4" count="2" type="stmt"/>
      <line num="5" count="2" type="cond" truecount="1" falsecount="1"/>
      <line num="6" count="0" type="stmt"/>
      <line num="8" count="2" type="stmt"/>
      <line num="11" count="1" type="stmt"/>
      <line num="15" count="1" type="stmt"/>
      <line num="16" count="1" type="stmt"/>
      <line num="17" count="2" type="stmt"/>
      <line num="19" count="1" type="stmt"/>
    </file>
    <file name="2.dom.js" path="/Users/luotianxu/Code/learn/vue/13.jest/2.dom.js">
      <metrics statements="1" coveredstatements="1" conditionals="0" coveredconditionals="0" methods="1" coveredmethods="1"/>
      <line num="4" count="1" type="stmt"/>
    </file>
    <file name="3.async.js" path="/Users/luotianxu/Code/learn/vue/13.jest/3.async.js">
      <metrics statements="5" coveredstatements="2" conditionals="0" coveredconditionals="0" methods="5" coveredmethods="2"/>
      <line num="2" count="1" type="stmt"/>
      <line num="3" count="1" type="stmt"/>
      <line num="8" count="0" type="stmt"/>
      <line num="9" count="0" type="stmt"/>
      <line num="10" count="0" type="stmt"/>
    </file>
    <file name="4.ajax.js" path="/Users/luotianxu/Code/learn/vue/13.jest/4.ajax.js">
      <metrics statements="3" coveredstatements="2" conditionals="0" coveredconditionals="0" methods="3" coveredmethods="2"/>
      <line num="4" count="1" type="stmt"/>
      <line num="8" count="1" type="stmt"/>
      <line num="12" count="0" type="stmt"/>
    </file>
  </project>
</coverage>
